Arguments: 
  C:\Program Files\nodejs\node.exe C:\Users\Hermann\AppData\Roaming\npm\node_modules\yarn\bin\yarn.js add siwe ethers

PATH: 
  C:\Program Files\Git\mingw64\bin;C:\Program Files\Git\usr\bin;C:\Users\Hermann\bin;C:\Program Files\Common Files\Oracle\Java\javapath;C:\Windows\system32;C:\Windows;C:\Windows\System32\Wbem;C:\Windows\System32\WindowsPowerShell\v1.0;C:\Windows\System32\OpenSSH;C:\Program Files\Git\cmd;C:\Program Files\nodejs;C:\Program Files\Docker\Docker\resources\bin;C:\Program Files\Java\jdk-17\bin;C:\xampp\php;C:\Users\Hermann\scoop\apps\symfony-cli\5.5.2;C:\ProgramData\ComposerSetup\bin;C:\Users\Hermann\scoop\shims;C:\Users\Hermann\AppData\Local\Microsoft\WindowsApps;C:\Users\Hermann\AppData\Local\JetBrains\Toolbox\scripts;C:\Users\Hermann\AppData\Local\GitHubDesktop\bin;C:\Users\Hermann\AppData\Roaming\npm;C:\Users\Hermann\AppData\Local\Programs\Microsoft VS Code\bin;C:\Users\Hermann\AppData\Roaming\Composer\vendor\bin;D:\data\learning\siwe\node_modules\.bin

Yarn version: 
  1.22.19

Node version: 
  18.13.0

Platform: 
  win32 x64

Trace: 
  Error: read ECONNRESET
      at TLSWrap.onStreamRead (node:internal/stream_base_commons:217:20)

npm manifest: 
  {
    "name": "siwe-print",
    "version": "1.0.0",
    "main": "index.js",
    "license": "MIT"
  }

yarn manifest: 
  No manifest

Lockfile: 
  No lockfile
